<?xml version="1.0" encoding="UTF-8"?>
<testng-results ignored="0" total="1" passed="1" failed="0" skipped="0">
  <reporter-output>
  </reporter-output>
  <suite started-at="2023-02-10T09:16:03 IST" name="Command line suite" finished-at="2023-02-10T09:16:03 IST" duration-ms="16">
    <groups>
    </groups>
    <test started-at="2023-02-10T09:16:03 IST" name="Command line test" finished-at="2023-02-10T09:16:03 IST" duration-ms="16">
      <class name="org.example.AppTest">
        <test-method signature="testApp()" started-at="2023-02-10T09:16:03 IST" name="testApp" finished-at="2023-02-10T09:16:03 IST" duration-ms="6" status="PASS">
          <reporter-output>
          </reporter-output>
        </test-method> <!-- testApp -->
      </class> <!-- org.example.AppTest -->
    </test> <!-- Command line test -->
  </suite> <!-- Command line suite -->
</testng-results>
